<?xml version="1.0" encoding="UTF-8"?>
<!-- Generated by org.testng.reporters.JUnitReportReporter -->
<testsuite hostname="Feramus" failures="0" tests="1" name="tests.TC1_FlightSearchTest" time="33.709" errors="0" timestamp="2025-10-29T22:11:54 GMT+03:00" skipped="0">
  <testcase classname="tests.TC1_FlightSearchTest" name="basicRoundTripWithTimeFilter" time="33.709"/>
</testsuite> <!-- tests.TC1_FlightSearchTest -->
